#
# There is insufficient memory for the Java Runtime Environment to continue.
# Native memory allocation (mmap) failed to map 268435456 bytes for G1 virtual space
# Possible reasons:
#   The system is out of physical RAM or swap space
#   The process is running with CompressedOops enabled, and the Java Heap may be blocking the growth of the native heap
# Possible solutions:
#   Reduce memory load on the system
#   Increase physical memory or swap space
#   Check if swap backing store is full
#   Decrease Java heap size (-Xmx/-Xms)
#   Decrease number of Java threads
#   Decrease Java thread stack sizes (-Xss)
#   Set larger code cache with -XX:ReservedCodeCacheSize=
#   JVM is running with Zero Based Compressed Oops mode in which the Java heap is
#     placed in the first 32GB address space. The Java Heap base address is the
#     maximum limit for the native heap growth. Please use -XX:HeapBaseMinAddress
#     to set the Java Heap base and to place the Java Heap above 32GB virtual address.
# This output file may be truncated or incomplete.
#
#  Out of Memory Error (os_windows.cpp:3825), pid=19472, tid=14572
#
# JRE version:  (17.0.9+7) (build )
# Java VM: OpenJDK 64-Bit Server VM (17.0.9+7-b1087.3, mixed mode, sharing, tiered, compressed oops, compressed class ptrs, g1 gc, windows-amd64)
# No core dump will be written. Minidumps are not enabled by default on client versions of Windows
#

---------------  S U M M A R Y ------------

Command Line: -javaagent:C:\Program Files\JetBrains\IntelliJ IDEA 2023.2.2\lib\idea_rt.jar=56129:C:\Program Files\JetBrains\IntelliJ IDEA 2023.2.2\bin -Dfile.encoding=UTF-8 --module-path=C:\Users\bouaz\.m2\repository\net\glxn\qrgen\javase\2.0\javase-2.0.jar;C:\Users\bouaz\.m2\repository\com\twilio\sdk\twilio\8.22.0\twilio-8.22.0.jar;C:\Users\bouaz\.m2\repository\net\glxn\qrgen\core\2.0\core-2.0.jar;C:\Users\bouaz\.m2\repository\com\itextpdf\layout\7.1.16\layout-7.1.16.jar;C:\Users\bouaz\Desktop\Sprint2JAVA-Gdechets\target\classes;C:\Users\bouaz\.m2\repository\de\jensd\fontawesomefx-commons\9.1.2\fontawesomefx-commons-9.1.2.jar;C:\Users\bouaz\.m2\repository\org\openjfx\javafx-graphics\21.0.2\javafx-graphics-21.0.2-win.jar;C:\Users\bouaz\.m2\repository\org\openjfx\javafx-fxml\21.0.2\javafx-fxml-21.0.2-win.jar;C:\Users\bouaz\.m2\repository\org\openjfx\javafx-base\21.0.2\javafx-base-21.0.2-win.jar;C:\Users\bouaz\.m2\repository\de\jensd\fontawesomefx-fontawesome\4.7.0-9.1.2\fontawesomefx-fontawesome-4.7.0-9.1.2.jar;C:\Users\bouaz\.m2\repository\javax\mail\javax.mail-api\1.6.2\javax.mail-api-1.6.2.jar;C:\Users\bouaz\.m2\repository\com\itextpdf\kernel\7.1.16\kernel-7.1.16.jar;C:\Users\bouaz\.m2\repository\org\bouncycastle\bcprov-jdk15on\1.68\bcprov-jdk15on-1.68.jar;C:\Users\bouaz\.m2\repository\org\openjfx\javafx-controls\21.0.2\javafx-controls-21.0.2-win.jar -Djdk.module.main=edu.esprit.flo edu.esprit.flo/edu.esprit.flo.MainApp

Host: Intel(R) Core(TM) i7-7700HQ CPU @ 2.80GHz, 8 cores, 15G,  Windows 10 , 64 bit Build 19041 (10.0.19041.3636)
Time: Fri May  3 14:12:36 2024 Maroc (heure d64 bit Build 19041 (10.0.19041.3636) elapsed time: 0.015126 seconds (0d 0h 0m 0s)

---------------  T H R E A D  ---------------

Current thread (0x000002519e70d1a0):  JavaThread "Unknown thread" [_thread_in_vm, id=14572, stack(0x0000005968800000,0x0000005968900000)]

Stack: [0x0000005968800000,0x0000005968900000]
Native frames: (J=compiled Java code, j=interpreted, Vv=VM code, C=native code)
V  [jvm.dll+0x6886e9]  os::platform_print_native_stack+0xd9  (os_windows_x86.cpp:235)
V  [jvm.dll+0x841e4a]  VMError::report+0xc6a  (vmError.cpp:855)
V  [jvm.dll+0x843a8e]  VMError::report_and_die+0x78e  (vmError.cpp:1749)
V  [jvm.dll+0x8440f3]  VMError::report_and_die+0x43  (vmError.cpp:1535)
V  [jvm.dll+0x24c14f]  report_vm_out_of_memory+0x8f  (debug.cpp:321)
V  [jvm.dll+0x685499]  os::pd_commit_memory_or_exit+0xc9  (os_windows.cpp:3833)
V  [jvm.dll+0x679c2a]  os::commit_memory_or_exit+0x2a  (os.cpp:1739)
V  [jvm.dll+0x30cf9b]  G1PageBasedVirtualSpace::commit+0x19b  (g1PageBasedVirtualSpace.cpp:204)
V  [jvm.dll+0x314446]  G1RegionsLargerThanCommitSizeMapper::commit_regions+0x96  (g1RegionToSpaceMapper.cpp:100)
V  [jvm.dll+0x36425e]  HeapRegionManager::expand_any+0xee  (heapRegionManager.cpp:363)
V  [jvm.dll+0x36448f]  HeapRegionManager::expand_by+0x7f  (heapRegionManager.cpp:380)
V  [jvm.dll+0x2e2d68]  G1CollectedHeap::expand+0xb8  (g1CollectedHeap.cpp:1298)
V  [jvm.dll+0x2e3cd4]  G1CollectedHeap::initialize+0x664  (g1CollectedHeap.cpp:1719)
V  [jvm.dll+0x8129f1]  universe_init+0xb1  (universe.cpp:736)
V  [jvm.dll+0x3720c1]  init_globals+0x31  (init.cpp:124)
V  [jvm.dll+0x7f152c]  Threads::create_vm+0x60c  (thread.cpp:2909)
V  [jvm.dll+0x3f5d4f]  JNI_CreateJavaVM_inner+0x8f  (jni.cpp:3635)
V  [jvm.dll+0x3f7981]  JNI_CreateJavaVM+0x11  (jni.cpp:3727)
C  [jli.dll+0x528f]  JavaMain+0x113  (java.c:413)
C  [ucrtbase.dll+0x21bb2]
C  [KERNEL32.DLL+0x17344]
C  [ntdll.dll+0x526b1]


---------------  P R O C E S S  ---------------

Threads class SMR info:
_java_thread_list=0x00007fffd4bcef18, length=0, elements={
}

Java Threads: ( => current thread )

Other Threads:
  0x000002519c6de7b0 GCTaskThread "GC Thread#0" [stack: 0x0000005968900000,0x0000005968a00000] [id=20460]
  0x000002519e783bf0 ConcurrentGCThread "G1 Main Marker" [stack: 0x0000005968a00000,0x0000005968b00000] [id=14052]
  0x000002519e784bc0 ConcurrentGCThread "G1 Conc#0" [stack: 0x0000005968b00000,0x0000005968c00000] [id=11364]

[error occurred during error reporting (printing all threads), id 0xc0000005, EXCEPTION_ACCESS_VIOLATION (0xc0000005) at pc=0x00007fffd4383937]

VM state: not at safepoint (not fully initialized)

VM Mutex/Monitor currently owned by a thread:  ([mutex/lock_event])
[0x000002519e707280] Heap_lock - owner thread: 0x000002519e70d1a0

Heap address: 0x0000000701c00000, size: 4068 MB, Compressed Oops mode: Zero based, Oop shift amount: 3

CDS archive(s) mapped at: [0x0000000000000000-0x0000000000000000-0x0000000000000000), size 0, SharedBaseAddress: 0x0000000800000000, ArchiveRelocationMode: 1.
Narrow klass base: 0x0000000000000000, Narrow klass shift: 0, Narrow klass range: 0x0

GC Precious Log:
<Empty>

Heap:
 garbage-first heap   total 0K, used 0K [0x0000000701c00000, 0x0000000800000000)
  region size 2048K, 0 young (0K), 0 survivors (0K)
 Metaspace       used 0K, committed 0K, reserved 0K
  class space    used 0K, committed 0K, reserved 0K

Heap Regions: E=young(eden), S=young(survivor), O=old, HS=humongous(starts), HC=humongous(continues), CS=collection set, F=free, OA=open archive, CA=closed archive, TAMS=top-at-mark-start (previous, next)

Card table byte_map: [0x00000251b1de0000,0x00000251b25e0000] _byte_map_base: 0x00000251ae5d2000

Marking Bits (Prev, Next): (CMBitMap*) 0x000002519e773480, (CMBitMap*) 0x000002519e7734c0
 Prev Bits: [0x00000251b2de0000, 0x00000251b6d70000)
 Next Bits: [0x00000251b6d70000, 0x00000251bad00000)

GC Heap History (0 events):
No events

Dll operation events (1 events):
Event: 0.009 Loaded shared library C:\Users\bouaz\.jdks\jbr-17.0.9\bin\java.dll

Deoptimization events (0 events):
No events

Classes unloaded (0 events):
No events

Classes redefined (0 events):
No events

Internal exceptions (0 events):
No events

VM Operations (0 events):
No events

Events (0 events):
No events


Dynamic libraries:
0x00007ff6c7f20000 - 0x00007ff6c7f2a000 	C:\Users\bouaz\.jdks\jbr-17.0.9\bin\java.exe
0x00007ff839450000 - 0x00007ff839648000 	C:\Windows\SYSTEM32\ntdll.dll
0x00007ff838ab0000 - 0x00007ff838b6d000 	C:\Windows\System32\KERNEL32.DLL
0x00007ff836ec0000 - 0x00007ff8371b6000 	C:\Windows\System32\KERNELBASE.dll
0x00007ff837210000 - 0x00007ff837310000 	C:\Windows\System32\ucrtbase.dll
0x00007ff832760000 - 0x00007ff83277b000 	C:\Users\bouaz\.jdks\jbr-17.0.9\bin\VCRUNTIME140.dll
0x00007ff832050000 - 0x00007ff832067000 	C:\Users\bouaz\.jdks\jbr-17.0.9\bin\jli.dll
0x00007ff837f80000 - 0x00007ff83811f000 	C:\Windows\System32\USER32.dll
0x00007ff835ed0000 - 0x00007ff83616a000 	C:\Windows\WinSxS\amd64_microsoft.windows.common-controls_6595b64144ccf1df_6.0.19041.3636_none_60b6a03d71f818d5\COMCTL32.dll
0x00007ff837450000 - 0x00007ff837472000 	C:\Windows\System32\win32u.dll
0x00007ff837530000 - 0x00007ff8375ce000 	C:\Windows\System32\msvcrt.dll
0x00007ff838ef0000 - 0x00007ff838f1b000 	C:\Windows\System32\GDI32.dll
0x00007ff836b70000 - 0x00007ff836c87000 	C:\Windows\System32\gdi32full.dll
0x00007ff836c90000 - 0x00007ff836d2d000 	C:\Windows\System32\msvcp_win.dll
0x00007ff838de0000 - 0x00007ff838e12000 	C:\Windows\System32\IMM32.DLL
0x00007ff833b90000 - 0x00007ff833b9c000 	C:\Users\bouaz\.jdks\jbr-17.0.9\bin\vcruntime140_1.dll
0x00007ff8073a0000 - 0x00007ff80742d000 	C:\Users\bouaz\.jdks\jbr-17.0.9\bin\msvcp140.dll
0x00007fffd4090000 - 0x00007fffd4d13000 	C:\Users\bouaz\.jdks\jbr-17.0.9\bin\server\jvm.dll
0x00007ff837ed0000 - 0x00007ff837f80000 	C:\Windows\System32\ADVAPI32.dll
0x00007ff837e30000 - 0x00007ff837ed0000 	C:\Windows\System32\sechost.dll
0x00007ff838120000 - 0x00007ff838243000 	C:\Windows\System32\RPCRT4.dll
0x00007ff836d30000 - 0x00007ff836d57000 	C:\Windows\System32\bcrypt.dll
0x00007ff836700000 - 0x00007ff83674b000 	C:\Windows\SYSTEM32\POWRPROF.dll
0x00007ff81c690000 - 0x00007ff81c699000 	C:\Windows\SYSTEM32\WSOCK32.dll
0x00007ff827450000 - 0x00007ff827477000 	C:\Windows\SYSTEM32\WINMM.dll
0x00007ff82ec50000 - 0x00007ff82ec5a000 	C:\Windows\SYSTEM32\VERSION.dll
0x00007ff8393a0000 - 0x00007ff83940b000 	C:\Windows\System32\WS2_32.dll
0x00007ff836170000 - 0x00007ff836182000 	C:\Windows\SYSTEM32\UMPDC.dll
0x00007ff834320000 - 0x00007ff834332000 	C:\Windows\SYSTEM32\kernel.appcore.dll
0x00007ff832750000 - 0x00007ff83275a000 	C:\Users\bouaz\.jdks\jbr-17.0.9\bin\jimage.dll
0x00007ff836510000 - 0x00007ff8366f4000 	C:\Windows\SYSTEM32\DBGHELP.DLL
0x00007ff8362a0000 - 0x00007ff8362d4000 	C:\Windows\SYSTEM32\dbgcore.DLL
0x00007ff8373c0000 - 0x00007ff837442000 	C:\Windows\System32\bcryptPrimitives.dll
0x00007ff8320a0000 - 0x00007ff8320ae000 	C:\Users\bouaz\.jdks\jbr-17.0.9\bin\instrument.dll
0x00007ff832000000 - 0x00007ff832025000 	C:\Users\bouaz\.jdks\jbr-17.0.9\bin\java.dll

dbghelp: loaded successfully - version: 4.0.5 - missing functions: none
symbol engine: initialized successfully - sym options: 0x614 - pdb path: .;C:\Users\bouaz\.jdks\jbr-17.0.9\bin;C:\Windows\SYSTEM32;C:\Windows\WinSxS\amd64_microsoft.windows.common-controls_6595b64144ccf1df_6.0.19041.3636_none_60b6a03d71f818d5;C:\Users\bouaz\.jdks\jbr-17.0.9\bin\server

VM Arguments:
jvm_args: -javaagent:C:\Program Files\JetBrains\IntelliJ IDEA 2023.2.2\lib\idea_rt.jar=56129:C:\Program Files\JetBrains\IntelliJ IDEA 2023.2.2\bin -Dfile.encoding=UTF-8 --module-path=C:\Users\bouaz\.m2\repository\net\glxn\qrgen\javase\2.0\javase-2.0.jar;C:\Users\bouaz\.m2\repository\com\twilio\sdk\twilio\8.22.0\twilio-8.22.0.jar;C:\Users\bouaz\.m2\repository\net\glxn\qrgen\core\2.0\core-2.0.jar;C:\Users\bouaz\.m2\repository\com\itextpdf\layout\7.1.16\layout-7.1.16.jar;C:\Users\bouaz\Desktop\Sprint2JAVA-Gdechets\target\classes;C:\Users\bouaz\.m2\repository\de\jensd\fontawesomefx-commons\9.1.2\fontawesomefx-commons-9.1.2.jar;C:\Users\bouaz\.m2\repository\org\openjfx\javafx-graphics\21.0.2\javafx-graphics-21.0.2-win.jar;C:\Users\bouaz\.m2\repository\org\openjfx\javafx-fxml\21.0.2\javafx-fxml-21.0.2-win.jar;C:\Users\bouaz\.m2\repository\org\openjfx\javafx-base\21.0.2\javafx-base-21.0.2-win.jar;C:\Users\bouaz\.m2\repository\de\jensd\fontawesomefx-fontawesome\4.7.0-9.1.2\fontawesomefx-fontawesome-4.7.0-9.1.2.jar;C:\Users\bouaz\.m2\repository\javax\mail\javax.mail-api\1.6.2\javax.mail-api-1.6.2.jar;C:\Users\bouaz\.m2\repository\com\itextpdf\kernel\7.1.16\kernel-7.1.16.jar;C:\Users\bouaz\.m2\repository\org\bouncycastle\bcprov-jdk15on\1.68\bcprov-jdk15on-1.68.jar;C:\Users\bouaz\.m2\repository\org\openjfx\javafx-controls\21.0.2\javafx-controls-21.0.2-win.jar -Djdk.module.main=edu.esprit.flo 
java_command: edu.esprit.flo/edu.esprit.flo.MainApp
java_class_path (initial): C:\Users\bouaz\.m2\repository\com\mysql\mysql-connector-j\8.0.33\mysql-connector-j-8.0.33.jar;C:\Users\bouaz\.m2\repository\com\google\protobuf\protobuf-java\3.21.9\protobuf-java-3.21.9.jar;C:\Users\bouaz\.m2\repository\org\openjfx\javafx-fxml\21.0.2\javafx-fxml-21.0.2.jar;C:\Users\bouaz\.m2\repository\org\openjfx\javafx-controls\21.0.2\javafx-controls-21.0.2.jar;C:\Users\bouaz\.m2\repository\org\openjfx\javafx-graphics\21.0.2\javafx-graphics-21.0.2.jar;C:\Users\bouaz\.m2\repository\org\openjfx\javafx-base\21.0.2\javafx-base-21.0.2.jar;C:\Users\bouaz\.m2\repository\at\favre\lib\bcrypt\0.10.2\bcrypt-0.10.2.jar;C:\Users\bouaz\.m2\repository\at\favre\lib\bytes\1.5.0\bytes-1.5.0.jar;C:\Users\bouaz\.m2\repository\org\mindrot\jbcrypt\0.4\jbcrypt-0.4.jar;C:\Users\bouaz\.m2\repository\com\google\zxing\core\3.5.1\core-3.5.1.jar;C:\Users\bouaz\.m2\repository\com\google\zxing\javase\3.5.1\javase-3.5.1.jar;C:\Users\bouaz\.m2\repository\com\beust\jcommander\1.82\jcommander-1.82.jar;C:\Users\bouaz\.m2\repository\com\github\jai-imageio\jai-imageio-core\1.4.0\jai-imageio-core-1.4.0.jar;C:\Users\bouaz\.m2\repository\net\glxn\qrgen\1.4\qrgen-1.4.jar;C:\Users\bouaz\.m2\repository\org\jfree\jfreesvg\2.1\jfreesvg-2.1.jar;C:\Users\bouaz\.m2\repository\com\itextpdf\io\7.1.16\io-7.1.16.jar;C:\Users\bouaz\.m2\repository\org\bouncycastle\bcpkix-jdk15on\1.68\bcpkix-jdk15on-1.68.jar;C:\Users\bouaz\.m2\repository\com\sun\mail\javax.mail\1.6.2\javax.mail-1.6.2.jar;C:\Users\bouaz\.m2\repository\javax\activation\activation\1.1\activation-1.1.jar;C:\Users\bouaz\.m2\repository\commons-codec\commons-codec\1.15\commons-codec-1.15.jar;C:\Users\bouaz\.m2\repository\commons-io\commons-io\2.7\commons-io-2.7.jar;C:\Users\bouaz\.m2\repository\io\jsonwebtoken\jjwt-api\0.11.2\jjwt-api-0.11.2.jar;C:\Users\bouaz\.m2\repository\io\jsonwebtoken\jjwt-jackson\0.11.2\jjwt-jackson-0.11.2.jar;C:\Users\bouaz\.m2\repository\io\jsonwebtoken\jjwt-impl\0.11.2\jjwt-impl-0.11.2.jar;C:\Users\bouaz
Launcher Type: SUN_STANDARD

[Global flags]
     intx CICompilerCount                          = 4                                         {product} {ergonomic}
     uint ConcGCThreads                            = 2                                         {product} {ergonomic}
     uint G1ConcRefinementThreads                  = 8                                         {product} {ergonomic}
   size_t G1HeapRegionSize                         = 2097152                                   {product} {ergonomic}
    uintx GCDrainStackTargetSize                   = 64                                        {product} {ergonomic}
   size_t InitialHeapSize                          = 268435456                                 {product} {ergonomic}
   size_t MarkStackSize                            = 4194304                                   {product} {ergonomic}
   size_t MaxHeapSize                              = 4265607168                                {product} {ergonomic}
   size_t MinHeapDeltaBytes                        = 2097152                                   {product} {ergonomic}
   size_t MinHeapSize                              = 8388608                                   {product} {ergonomic}
    uintx NonNMethodCodeHeapSize                   = 5839372                                {pd product} {ergonomic}
    uintx NonProfiledCodeHeapSize                  = 122909434                              {pd product} {ergonomic}
    uintx ProfiledCodeHeapSize                     = 122909434                              {pd product} {ergonomic}
    uintx ReservedCodeCacheSize                    = 251658240                              {pd product} {ergonomic}
     bool SegmentedCodeCache                       = true                                      {product} {ergonomic}
   size_t SoftMaxHeapSize                          = 4265607168                             {manageable} {ergonomic}
     bool UseCompressedClassPointers               = true                           {product lp64_product} {ergonomic}
     bool UseCompressedOops                        = true                           {product lp64_product} {ergonomic}
     bool UseG1GC                                  = true                                      {product} {ergonomic}
     bool UseLargePagesIndividualAllocation        = false                                  {pd product} {ergonomic}

Logging:
Log output configuration:
 #0: stdout all=warning uptime,level,tags
 #1: stderr all=off uptime,level,tags

Environment Variables:
PATH=C:\Program Files (x86)\VMware\VMware Player\bin\;C:\Program Files\Common Files\Oracle\Java\javapath;C:\Users\bouaz\Desktop\apache-maven-3.9.6\bin;C:\oraclexe\app\oracle\product\11.2.0\server\bin;C:\oraclexe\app\oracle\product\11.2.0\server\bin;C:\Windows\system32;C:\Windows;C:\Windows\System32\Wbem;C:\Windows\System32\WindowsPowerShell\v1.0\;C:\Windows\System32\OpenSSH\;C:\Program Files\NVIDIA Corporation\NVIDIA NvDLISR;C:\Program Files (x86)\NVIDIA Corporation\PhysX\Common;C:\instantclient12;C:\oraclexe\app\oracle\admin\XE;C:\oraclexe;C:\Program Files\Git\cmd;C:\xampp\php;C:\ProgramData\ComposerSetup\bin;C:\Users\bouaz\.jdks\jbr-17.0.8.1-1\bin;C:\Users\bouaz\scoop\shims;C:\Users\bouaz\AppData\Local\Microsoft\WindowsApps;D:\APPS\VScode\Microsoft VS Code\bin;C:\Users\bouaz\AppData\Roaming\Composer\vendor\bin;C:\xampp\php;C:\Program Files\JetBrains\IntelliJ IDEA 2023.2.2\bin;
USERNAME=bouaz
OS=Windows_NT
PROCESSOR_IDENTIFIER=Intel64 Family 6 Model 158 Stepping 9, GenuineIntel
TMP=C:\Users\bouaz\AppData\Local\Temp
TEMP=C:\Users\bouaz\AppData\Local\Temp



Periodic native trim disabled

JNI global refs:
JNI global refs: 0, weak refs: 0

JNI global refs memory usage: 0, weak refs: 0

OOME stack traces (most recent first):
Classloader memory used:


---------------  S Y S T E M  ---------------

OS:
 Windows 10 , 64 bit Build 19041 (10.0.19041.3636)
OS uptime: 0 days 20:43 hours

CPU: total 8 (initial active 8) (4 cores per cpu, 2 threads per core) family 6 model 158 stepping 9 microcode 0xb4, cx8, cmov, fxsr, ht, mmx, 3dnowpref, sse, sse2, sse3, ssse3, sse4.1, sse4.2, popcnt, lzcnt, tsc, tscinvbit, avx, avx2, aes, erms, clmul, bmi1, bmi2, adx, fma, vzeroupper, clflush, clflushopt
Processor Information for all 8 processors :
  Max Mhz: 2808, Current Mhz: 2808, Mhz Limit: 2808

Memory: 4k page, system-wide physical 16264M (2435M free)
TotalPageFile size 18312M (AvailPageFile size 194M)
current process WorkingSet (physical memory assigned to process): 37M, peak: 37M
current process commit charge ("private bytes"): 86M, peak: 316M

vm_info: OpenJDK 64-Bit Server VM (17.0.9+7-b1087.3) for windows-amd64 JRE (17.0.9+7-b1087.3), built on 2023-10-21 by "builduser" with MS VC++ 16.10 / 16.11 (VS2019)

END.
