#
# There is insufficient memory for the Java Runtime Environment to continue.
# Native memory allocation (mmap) failed to map 268435456 bytes for G1 virtual space
# Possible reasons:
#   The system is out of physical RAM or swap space
#   The process is running with CompressedOops enabled, and the Java Heap may be blocking the growth of the native heap
# Possible solutions:
#   Reduce memory load on the system
#   Increase physical memory or swap space
#   Check if swap backing store is full
#   Decrease Java heap size (-Xmx/-Xms)
#   Decrease number of Java threads
#   Decrease Java thread stack sizes (-Xss)
#   Set larger code cache with -XX:ReservedCodeCacheSize=
#   JVM is running with Zero Based Compressed Oops mode in which the Java heap is
#     placed in the first 32GB address space. The Java Heap base address is the
#     maximum limit for the native heap growth. Please use -XX:HeapBaseMinAddress
#     to set the Java Heap base and to place the Java Heap above 32GB virtual address.
# This output file may be truncated or incomplete.
#
#  Out of Memory Error (os_windows.cpp:3548), pid=20688, tid=14420
#
# JRE version:  (17.0.10+11) (build )
# Java VM: Java HotSpot(TM) 64-Bit Server VM (17.0.10+11-LTS-240, mixed mode, sharing, tiered, compressed oops, compressed class ptrs, g1 gc, windows-amd64)
# No core dump will be written. Minidumps are not enabled by default on client versions of Windows
#

---------------  S U M M A R Y ------------

Command Line: -javaagent:C:\Program Files\JetBrains\IntelliJ IDEA 2023.2.2\lib\idea_rt.jar=55897:C:\Program Files\JetBrains\IntelliJ IDEA 2023.2.2\bin -Dfile.encoding=UTF-8 --module-path=C:\Users\bouaz\.m2\repository\org\openjfx\javafx-fxml\21.0.2\javafx-fxml-21.0.2-win.jar;C:\Users\bouaz\.m2\repository\org\openjfx\javafx-graphics\21.0.2\javafx-graphics-21.0.2-win.jar;C:\Users\bouaz\.m2\repository\org\openjfx\javafx-controls\21.0.2\javafx-controls-21.0.2-win.jar;C:\Users\bouaz\Desktop\Sprint2JAVA-Gdechets\target\classes;C:\Users\bouaz\.m2\repository\org\openjfx\javafx-base\21.0.2\javafx-base-21.0.2-win.jar -Djdk.module.main=edu.esprit.flo edu.esprit.flo/edu.esprit.flo.MainApp

Host: Intel(R) Core(TM) i7-7700HQ CPU @ 2.80GHz, 8 cores, 15G,  Windows 10 , 64 bit Build 19041 (10.0.19041.3636)
Time: Thu Apr 25 19:17:49 2024 Maroc (heure d64 bit Build 19041 (10.0.19041.3636) elapsed time: 0.013501 seconds (0d 0h 0m 0s)

---------------  T H R E A D  ---------------

Current thread (0x000001f03e465a30):  JavaThread "Unknown thread" [_thread_in_vm, id=14420, stack(0x00000088f8400000,0x00000088f8500000)]

Stack: [0x00000088f8400000,0x00000088f8500000]
Native frames: (J=compiled Java code, j=interpreted, Vv=VM code, C=native code)
V  [jvm.dll+0x677a5a]
V  [jvm.dll+0x7d8b2d]
V  [jvm.dll+0x7da48e]
V  [jvm.dll+0x7daaf3]
V  [jvm.dll+0x2455ff]
V  [jvm.dll+0x6749b9]
V  [jvm.dll+0x669382]
V  [jvm.dll+0x302e96]
V  [jvm.dll+0x30a416]
V  [jvm.dll+0x359cbe]
V  [jvm.dll+0x359eef]
V  [jvm.dll+0x2d9e88]
V  [jvm.dll+0x2dadf4]
V  [jvm.dll+0x7aa551]
V  [jvm.dll+0x367911]
V  [jvm.dll+0x789639]
V  [jvm.dll+0x3eb30f]
V  [jvm.dll+0x3ecd91]
C  [jli.dll+0x5297]
C  [ucrtbase.dll+0x21bb2]
C  [KERNEL32.DLL+0x17344]
C  [ntdll.dll+0x526b1]


---------------  P R O C E S S  ---------------

Threads class SMR info:
_java_thread_list=0x00007ff882346a18, length=0, elements={
}

Java Threads: ( => current thread )

Other Threads:
  0x000001f03e4d0e70 GCTaskThread "GC Thread#0" [stack: 0x00000088f8500000,0x00000088f8600000] [id=21984]
  0x000001f03e4e1c00 ConcurrentGCThread "G1 Main Marker" [stack: 0x00000088f8600000,0x00000088f8700000] [id=18168]
  0x000001f03e4e2db0 ConcurrentGCThread "G1 Conc#0" [stack: 0x00000088f8700000,0x00000088f8800000] [id=15068]

[error occurred during error reporting (printing all threads), id 0xc0000005, EXCEPTION_ACCESS_VIOLATION (0xc0000005) at pc=0x00007ff881b7aae7]

VM state: not at safepoint (not fully initialized)

VM Mutex/Monitor currently owned by a thread:  ([mutex/lock_event])
[0x000001f03e45fe70] Heap_lock - owner thread: 0x000001f03e465a30

Heap address: 0x0000000701c00000, size: 4068 MB, Compressed Oops mode: Zero based, Oop shift amount: 3

CDS archive(s) mapped at: [0x0000000000000000-0x0000000000000000-0x0000000000000000), size 0, SharedBaseAddress: 0x0000000800000000, ArchiveRelocationMode: 1.
Narrow klass base: 0x0000000000000000, Narrow klass shift: 0, Narrow klass range: 0x0

GC Precious Log:
<Empty>

Heap:
 garbage-first heap   total 0K, used 0K [0x0000000701c00000, 0x0000000800000000)
  region size 2048K, 0 young (0K), 0 survivors (0K)

[error occurred during error reporting (printing heap information), id 0xc0000005, EXCEPTION_ACCESS_VIOLATION (0xc0000005) at pc=0x00007ff881f61249]

GC Heap History (0 events):
No events

Deoptimization events (0 events):
No events

Classes unloaded (0 events):
No events

Classes redefined (0 events):
No events

Internal exceptions (0 events):
No events

VM Operations (0 events):
No events

Events (1 events):
Event: 0.009 Loaded shared library C:\Program Files\Java\jdk-17\bin\java.dll


Dynamic libraries:
0x00007ff639430000 - 0x00007ff639440000 	C:\Program Files\Java\jdk-17\bin\java.exe
0x00007ff906cb0000 - 0x00007ff906ea8000 	C:\Windows\SYSTEM32\ntdll.dll
0x00007ff9063f0000 - 0x00007ff9064ad000 	C:\Windows\System32\KERNEL32.DLL
0x00007ff904740000 - 0x00007ff904a36000 	C:\Windows\System32\KERNELBASE.dll
0x00007ff904a40000 - 0x00007ff904b40000 	C:\Windows\System32\ucrtbase.dll
0x00007ff8f5d30000 - 0x00007ff8f5d49000 	C:\Program Files\Java\jdk-17\bin\jli.dll
0x00007ff8fcd90000 - 0x00007ff8fcdab000 	C:\Program Files\Java\jdk-17\bin\VCRUNTIME140.dll
0x00007ff905530000 - 0x00007ff9055e0000 	C:\Windows\System32\ADVAPI32.dll
0x00007ff906a20000 - 0x00007ff906abe000 	C:\Windows\System32\msvcrt.dll
0x00007ff906350000 - 0x00007ff9063f0000 	C:\Windows\System32\sechost.dll
0x00007ff9061e0000 - 0x00007ff906303000 	C:\Windows\System32\RPCRT4.dll
0x00007ff904cb0000 - 0x00007ff904cd7000 	C:\Windows\System32\bcrypt.dll
0x00007ff9056a0000 - 0x00007ff90583f000 	C:\Windows\System32\USER32.dll
0x00007ff904710000 - 0x00007ff904732000 	C:\Windows\System32\win32u.dll
0x00007ff8e4de0000 - 0x00007ff8e507a000 	C:\Windows\WinSxS\amd64_microsoft.windows.common-controls_6595b64144ccf1df_6.0.19041.3636_none_60b6a03d71f818d5\COMCTL32.dll
0x00007ff905500000 - 0x00007ff90552b000 	C:\Windows\System32\GDI32.dll
0x00007ff904b40000 - 0x00007ff904c57000 	C:\Windows\System32\gdi32full.dll
0x00007ff904600000 - 0x00007ff90469d000 	C:\Windows\System32\msvcp_win.dll
0x00007ff8f6840000 - 0x00007ff8f684a000 	C:\Windows\SYSTEM32\VERSION.dll
0x00007ff906310000 - 0x00007ff906342000 	C:\Windows\System32\IMM32.DLL
0x00007ff8ff9b0000 - 0x00007ff8ff9bc000 	C:\Program Files\Java\jdk-17\bin\vcruntime140_1.dll
0x00007ff8d17c0000 - 0x00007ff8d184e000 	C:\Program Files\Java\jdk-17\bin\msvcp140.dll
0x00007ff881890000 - 0x00007ff88246f000 	C:\Program Files\Java\jdk-17\bin\server\jvm.dll
0x00007ff9058f0000 - 0x00007ff9058f8000 	C:\Windows\System32\PSAPI.DLL
0x00007ff8ec8b0000 - 0x00007ff8ec8b9000 	C:\Windows\SYSTEM32\WSOCK32.dll
0x00007ff8f4d50000 - 0x00007ff8f4d77000 	C:\Windows\SYSTEM32\WINMM.dll
0x00007ff905ac0000 - 0x00007ff905b2b000 	C:\Windows\System32\WS2_32.dll
0x00007ff9021f0000 - 0x00007ff902202000 	C:\Windows\SYSTEM32\kernel.appcore.dll
0x00007ff8ff930000 - 0x00007ff8ff93a000 	C:\Program Files\Java\jdk-17\bin\jimage.dll
0x00007ff8f4410000 - 0x00007ff8f45f4000 	C:\Windows\SYSTEM32\DBGHELP.DLL
0x00007ff8f5cf0000 - 0x00007ff8f5d24000 	C:\Windows\SYSTEM32\dbgcore.DLL
0x00007ff904570000 - 0x00007ff9045f2000 	C:\Windows\System32\bcryptPrimitives.dll
0x00007ff8f6160000 - 0x00007ff8f616e000 	C:\Program Files\Java\jdk-17\bin\instrument.dll
0x00007ff8f5cc0000 - 0x00007ff8f5ce5000 	C:\Program Files\Java\jdk-17\bin\java.dll

dbghelp: loaded successfully - version: 4.0.5 - missing functions: none
symbol engine: initialized successfully - sym options: 0x614 - pdb path: .;C:\Program Files\Java\jdk-17\bin;C:\Windows\SYSTEM32;C:\Windows\WinSxS\amd64_microsoft.windows.common-controls_6595b64144ccf1df_6.0.19041.3636_none_60b6a03d71f818d5;C:\Program Files\Java\jdk-17\bin\server

VM Arguments:
jvm_args: -javaagent:C:\Program Files\JetBrains\IntelliJ IDEA 2023.2.2\lib\idea_rt.jar=55897:C:\Program Files\JetBrains\IntelliJ IDEA 2023.2.2\bin -Dfile.encoding=UTF-8 --module-path=C:\Users\bouaz\.m2\repository\org\openjfx\javafx-fxml\21.0.2\javafx-fxml-21.0.2-win.jar;C:\Users\bouaz\.m2\repository\org\openjfx\javafx-graphics\21.0.2\javafx-graphics-21.0.2-win.jar;C:\Users\bouaz\.m2\repository\org\openjfx\javafx-controls\21.0.2\javafx-controls-21.0.2-win.jar;C:\Users\bouaz\Desktop\Sprint2JAVA-Gdechets\target\classes;C:\Users\bouaz\.m2\repository\org\openjfx\javafx-base\21.0.2\javafx-base-21.0.2-win.jar -Djdk.module.main=edu.esprit.flo
java_command: edu.esprit.flo/edu.esprit.flo.MainApp
java_class_path (initial): C:\Users\bouaz\.m2\repository\com\mysql\mysql-connector-j\8.0.33\mysql-connector-j-8.0.33.jar;C:\Users\bouaz\.m2\repository\com\google\protobuf\protobuf-java\3.21.9\protobuf-java-3.21.9.jar;C:\Users\bouaz\.m2\repository\org\openjfx\javafx-fxml\21.0.2\javafx-fxml-21.0.2.jar;C:\Users\bouaz\.m2\repository\org\openjfx\javafx-controls\21.0.2\javafx-controls-21.0.2.jar;C:\Users\bouaz\.m2\repository\org\openjfx\javafx-graphics\21.0.2\javafx-graphics-21.0.2.jar;C:\Users\bouaz\.m2\repository\org\openjfx\javafx-base\21.0.2\javafx-base-21.0.2.jar;C:\Users\bouaz\.m2\repository\at\favre\lib\bcrypt\0.10.2\bcrypt-0.10.2.jar;C:\Users\bouaz\.m2\repository\at\favre\lib\bytes\1.5.0\bytes-1.5.0.jar;C:\Users\bouaz\.m2\repository\org\mindrot\jbcrypt\0.4\jbcrypt-0.4.jar
Launcher Type: SUN_STANDARD

[Global flags]
     intx CICompilerCount                          = 4                                         {product} {ergonomic}
     uint ConcGCThreads                            = 2                                         {product} {ergonomic}
     uint G1ConcRefinementThreads                  = 8                                         {product} {ergonomic}
   size_t G1HeapRegionSize                         = 2097152                                   {product} {ergonomic}
    uintx GCDrainStackTargetSize                   = 64                                        {product} {ergonomic}
   size_t InitialHeapSize                          = 268435456                                 {product} {ergonomic}
   size_t MarkStackSize                            = 4194304                                   {product} {ergonomic}
   size_t MaxHeapSize                              = 4265607168                                {product} {ergonomic}
   size_t MinHeapDeltaBytes                        = 2097152                                   {product} {ergonomic}
   size_t MinHeapSize                              = 8388608                                   {product} {ergonomic}
    uintx NonNMethodCodeHeapSize                   = 5839372                                {pd product} {ergonomic}
    uintx NonProfiledCodeHeapSize                  = 122909434                              {pd product} {ergonomic}
    uintx ProfiledCodeHeapSize                     = 122909434                              {pd product} {ergonomic}
    uintx ReservedCodeCacheSize                    = 251658240                              {pd product} {ergonomic}
     bool SegmentedCodeCache                       = true                                      {product} {ergonomic}
   size_t SoftMaxHeapSize                          = 4265607168                             {manageable} {ergonomic}
     bool UseCompressedClassPointers               = true                           {product lp64_product} {ergonomic}
     bool UseCompressedOops                        = true                           {product lp64_product} {ergonomic}
     bool UseG1GC                                  = true                                      {product} {ergonomic}
     bool UseLargePagesIndividualAllocation        = false                                  {pd product} {ergonomic}

Logging:
Log output configuration:
 #0: stdout all=warning uptime,level,tags
 #1: stderr all=off uptime,level,tags

Environment Variables:
PATH=C:\Program Files\Common Files\Oracle\Java\javapath;C:\Users\bouaz\Desktop\apache-maven-3.9.6\bin;C:\oraclexe\app\oracle\product\11.2.0\server\bin;C:\oraclexe\app\oracle\product\11.2.0\server\bin;C:\Windows\system32;C:\Windows;C:\Windows\System32\Wbem;C:\Windows\System32\WindowsPowerShell\v1.0\;C:\Windows\System32\OpenSSH\;C:\Program Files\NVIDIA Corporation\NVIDIA NvDLISR;C:\Program Files (x86)\NVIDIA Corporation\PhysX\Common;C:\instantclient12;C:\oraclexe\app\oracle\admin\XE;C:\oraclexe;C:\Program Files\Git\cmd;C:\xampp\php;C:\ProgramData\ComposerSetup\bin;C:\Users\bouaz\.jdks\jbr-17.0.8.1-1\bin;C:\Users\bouaz\scoop\shims;C:\Users\bouaz\AppData\Local\Microsoft\WindowsApps;D:\APPS\VScode\Microsoft VS Code\bin;C:\Users\bouaz\AppData\Roaming\Composer\vendor\bin;C:\xampp\php;C:\Program Files\JetBrains\IntelliJ IDEA 2023.2.2\bin;
USERNAME=bouaz
OS=Windows_NT
PROCESSOR_IDENTIFIER=Intel64 Family 6 Model 158 Stepping 9, GenuineIntel



---------------  S Y S T E M  ---------------

OS:
 Windows 10 , 64 bit Build 19041 (10.0.19041.3636)
OS uptime: 9 days 19:48 hours

CPU: total 8 (initial active 8) (4 cores per cpu, 2 threads per core) family 6 model 158 stepping 9 microcode 0xb4, cx8, cmov, fxsr, ht, mmx, 3dnowpref, sse, sse2, sse3, ssse3, sse4.1, sse4.2, popcnt, lzcnt, tsc, tscinvbit, avx, avx2, aes, erms, clmul, bmi1, bmi2, adx, fma, vzeroupper, clflush, clflushopt

Memory: 4k page, system-wide physical 16264M (5317M free)
TotalPageFile size 18312M (AvailPageFile size 151M)
current process WorkingSet (physical memory assigned to process): 10M, peak: 10M
current process commit charge ("private bytes"): 60M, peak: 316M

vm_info: Java HotSpot(TM) 64-Bit Server VM (17.0.10+11-LTS-240) for windows-amd64 JRE (17.0.10+11-LTS-240), built on Dec 19 2023 21:47:25 by "mach5one" with MS VC++ 17.1 (VS2022)

END.
